build/outputs/logs/manifest-merger-debug-report.txt
-- Merging decision tree log ---
manifest
ADDED from AndroidManifest.xml:33:1
	xmlns:android
		ADDED from AndroidManifest.xml:33:11
	package
		ADDED from AndroidManifest.xml:34:7
	android:versionName
		ADDED from AndroidManifest.xml:36:7
	android:versionCode
		ADDED from AndroidManifest.xml:35:7
		INJECTED from AndroidManifest.xml:0:0
		INJECTED from AndroidManifest.xml:0:0
uses-sdk
ADDED from AndroidManifest.xml:38:5
	android:minSdkVersion
		ADDED from AndroidManifest.xml:38:15
application
ADDED from AndroidManifest.xml:40:5
	android:label
		ADDED from AndroidManifest.xml:40:79
	android:allowBackup
		ADDED from AndroidManifest.xml:40:18
	android:icon
		ADDED from AndroidManifest.xml:40:45
uses-library#android.test.runner
ADDED from AndroidManifest.xml:41:6
	android:name
		ADDED from AndroidManifest.xml:41:20
activity#com.wenjin.chatroom.StartActivity
ADDED from AndroidManifest.xml:43:9
	android:name
		ADDED from AndroidManifest.xml:43:19
intent-filter#android.intent.action.MAIN+android.intent.category.LAUNCHER
ADDED from AndroidManifest.xml:44:10
action#android.intent.action.MAIN
ADDED from AndroidManifest.xml:45:17
	android:name
		ADDED from AndroidManifest.xml:45:25
category#android.intent.category.LAUNCHER
ADDED from AndroidManifest.xml:46:17
	android:name
		ADDED from AndroidManifest.xml:46:27
activity#com.wenjin.chatroom.ChatActivity
ADDED from AndroidManifest.xml:49:9
	android:windowSoftInputMode
		ADDED from AndroidManifest.xml:49:68
	android:configChanges
		ADDED from AndroidManifest.xml:49:110
	android:name
		ADDED from AndroidManifest.xml:49:19
activity#com.wenjin.chatroom.UserLoginActivity
ADDED from AndroidManifest.xml:50:4
	android:theme
		ADDED from AndroidManifest.xml:50:67
	android:name
		ADDED from AndroidManifest.xml:50:14
activity#com.wenjin.chatroom.UserRegisActivity
ADDED from AndroidManifest.xml:51:4
	android:theme
		ADDED from AndroidManifest.xml:51:67
	android:name
		ADDED from AndroidManifest.xml:51:14
instrumentation#android.test.InstrumentationTestRunner
ADDED from AndroidManifest.xml:53:5
	android:targetPackage
		ADDED from AndroidManifest.xml:53:22
	android:name
		ADDED from AndroidManifest.xml:53:66
uses-permission#android.permission.MOUNT_UNMOUNT_FILESYSTEMS
ADDED from AndroidManifest.xml:55:1
	android:name
		ADDED from AndroidManifest.xml:55:18
uses-permission#android.permission.WRITE_EXTERNAL_STORAGE
ADDED from AndroidManifest.xml:57:1
	android:name
		ADDED from AndroidManifest.xml:57:18
uses-permission#android.permission.INTERNET
ADDED from AndroidManifest.xml:59:1
	android:name
		ADDED from AndroidManifest.xml:59:18
uses-permission#android.permission.VIBRATE
ADDED from AndroidManifest.xml:61:1
	android:name
		ADDED from AndroidManifest.xml:61:19